<?xml version="1.0" encoding="UTF-8"?>
<testng-results ignored="0" total="1" passed="1" failed="0" skipped="0">
  <reporter-output>
  </reporter-output>
  <suite started-at="2023-08-24T07:33:49Z" name="Default suite" finished-at="2023-08-24T07:33:54Z" duration-ms="5601">
    <groups>
    </groups>
    <test started-at="2023-08-24T07:33:49Z" name="Default test" finished-at="2023-08-24T07:33:54Z" duration-ms="5601">
      <class name="com.testng.VerifyTitleTest">
        <test-method is-config="true" signature="setUp()[pri:0, instance:com.testng.VerifyTitleTest@5454d35e]" started-at="2023-08-24T13:03:49Z" name="setUp" finished-at="2023-08-24T13:03:54Z" duration-ms="5374" status="PASS">
          <reporter-output>
          </reporter-output>
        </test-method> <!-- setUp -->
        <test-method is-config="true" signature="tefore()[pri:0, instance:com.testng.VerifyTitleTest@5454d35e]" started-at="2023-08-24T13:03:54Z" name="tefore" finished-at="2023-08-24T13:03:54Z" duration-ms="0" status="PASS">
          <reporter-output>
          </reporter-output>
        </test-method> <!-- tefore -->
        <test-method signature="verifyTitle()[pri:0, instance:com.testng.VerifyTitleTest@5454d35e]" started-at="2023-08-24T13:03:54Z" name="verifyTitle" finished-at="2023-08-24T13:03:54Z" duration-ms="15" status="PASS">
          <reporter-output>
          </reporter-output>
        </test-method> <!-- verifyTitle -->
        <test-method is-config="true" signature="tearDown()[pri:0, instance:com.testng.VerifyTitleTest@5454d35e]" started-at="2023-08-24T13:03:54Z" name="tearDown" finished-at="2023-08-24T13:03:54Z" duration-ms="199" status="PASS">
          <reporter-output>
          </reporter-output>
        </test-method> <!-- tearDown -->
        <test-method is-config="true" signature="ufter()[pri:0, instance:com.testng.VerifyTitleTest@5454d35e]" started-at="2023-08-24T13:03:54Z" name="ufter" finished-at="2023-08-24T13:03:54Z" duration-ms="1" status="PASS">
          <reporter-output>
          </reporter-output>
        </test-method> <!-- ufter -->
      </class> <!-- com.testng.VerifyTitleTest -->
    </test> <!-- Default test -->
  </suite> <!-- Default suite -->
</testng-results>
